<?xml version="1.0" encoding="UTF-8"?>
<!-- Generated by org.testng.reporters.JUnitXMLReporter -->
<testsuite ignored="0" hostname="ROTARI" failures="0" tests="3" name="Surefire test" time="0.165" errors="0" timestamp="2026-05-03T22:33:49 EEST">
  <testcase classname="csv_parsing.TestCSV" name="testAll" time="0.058"/>
  <testcase classname="json_parsing.TestJSON" name="testJSON" time="0.017"/>
  <testcase classname="xml_parsing.TestXML" name="testDOM" time="0.031"/>
</testsuite> <!-- Surefire test -->
