<?xml version="1.0" encoding="UTF-8"?>
<testng-results ignored="0" total="3" passed="3" failed="0" skipped="0">
  <reporter-output>
  </reporter-output>
  <suite started-at="2026-05-03T22:33:49 EEST" name="Surefire suite" finished-at="2026-05-03T22:33:49 EEST" duration-ms="165">
    <groups>
    </groups>
    <test started-at="2026-05-03T22:33:49 EEST" name="Surefire test" finished-at="2026-05-03T22:33:49 EEST" duration-ms="165">
      <class name="xml_parsing.TestXML">
        <test-method signature="testDOM()[pri:0, instance:xml_parsing.TestXML@6995bf68]" started-at="2026-05-03T22:33:49 EEST" name="testDOM" finished-at="2026-05-03T22:33:49 EEST" duration-ms="31" status="PASS">
          <reporter-output>
          </reporter-output>
        </test-method> <!-- testDOM -->
      </class> <!-- xml_parsing.TestXML -->
      <class name="json_parsing.TestJSON">
        <test-method signature="testJSON()[pri:0, instance:json_parsing.TestJSON@4c51cf28]" started-at="2026-05-03T22:33:49 EEST" name="testJSON" finished-at="2026-05-03T22:33:49 EEST" duration-ms="17" status="PASS">
          <reporter-output>
          </reporter-output>
        </test-method> <!-- testJSON -->
      </class> <!-- json_parsing.TestJSON -->
      <class name="csv_parsing.TestCSV">
        <test-method signature="testAll()[pri:0, instance:csv_parsing.TestCSV@4eb386df]" started-at="2026-05-03T22:33:49 EEST" name="testAll" finished-at="2026-05-03T22:33:49 EEST" duration-ms="58" status="PASS">
          <reporter-output>
          </reporter-output>
        </test-method> <!-- testAll -->
      </class> <!-- csv_parsing.TestCSV -->
    </test> <!-- Surefire test -->
  </suite> <!-- Surefire suite -->
</testng-results>
